#
# A fatal error has been detected by the Java Runtime Environment:
#
#  SIGSEGV (0xb) at pc=0x00007fc714c3fc39, pid=2720, tid=0x00007fc7153ff640
#
# JRE version: Java(TM) SE Runtime Environment (8.0_191-b12) (build 1.8.0_191-b12)
# Java VM: Java HotSpot(TM) 64-Bit Server VM (25.191-b12 mixed mode linux-amd64 compressed oops)
# Problematic frame:
# C  [libawt_xawt.so+0x3fc39]  ReadRegionsInList.constprop.5+0x4e9
#
# Failed to write core dump. Core dumps have been disabled. To enable core dumping, try "ulimit -c unlimited" before starting Java again
#
# If you would like to submit a bug report, please visit:
#   http://bugreport.java.com/bugreport/crash.jsp
# The crash happened outside the Java Virtual Machine in native code.
# See problematic frame for where to report the bug.
#

---------------  T H R E A D  ---------------

Current thread (0x00007fc7307af800):  JavaThread "VideoRec" [_thread_in_native, id=2747, stack(0x00007fc715300000,0x00007fc715400000)]

siginfo: si_signo: 11 (SIGSEGV), si_code: 1 (SEGV_MAPERR), si_addr: 0x0000000000000068

Registers:
RAX=0x0000000000000500, RBX=0x0000000000000000, RCX=0x0000000000000500, RDX=0x0000000000000000
RSP=0x00007fc7153fe250, RBP=0x00007fc7153fe330, RSI=0x0000000000000000, RDI=0x0000000000000000
R8 =0x00007fc7153fe2f4, R9 =0x0000000000000002, R10=0x00007fc6cc73a000, R11=0x0000000000000206
R12=0x0000000000000000, R13=0x0000000000000000, R14=0x00007fc6cc727620, R15=0x00007fc6cc706660
RIP=0x00007fc714c3fc39, EFLAGS=0x0000000000010246, CSGSFS=0x002b000000000033, ERR=0x0000000000000004
  TRAPNO=0x000000000000000e

Top of Stack: (sp=0x00007fc7153fe250)
0x00007fc7153fe250:   0320050000000000 00000500166f3969
0x00007fc7153fe260:   0000000200000000 00007fc7153fe2f8
0x00007fc7153fe270:   00007fc7153fe2f4 00007fc7153fe2f0
0x00007fc7153fe280:   00007fc7153fe2ec 0000000000000320
0x00007fc7153fe290:   00007fc7000004ff 00007fc73069f8b0
0x00007fc7153fe2a0:   0000000000000320 00007fc6cc562fd0
0x00007fc7153fe2b0:   0000000000000000 0000000000000000
0x00007fc7153fe2c0:   0000000000000000 0000000000000500
0x00007fc7153fe2d0:   0320050000000000 0000000000000500
0x00007fc7153fe2e0:   0000000000000000 0000001000000000
0x00007fc7153fe2f0:   0000000000000008 00007fc6cc727730
0x00007fc7153fe300:   0000001800000000 0320050000000000
0x00007fc7153fe310:   0000000000000500 0000000000000000
0x00007fc7153fe320:   00007fc7153fe3a0 0000000000000320
0x00007fc7153fe330:   00007fc7153fe410 00007fc714c401e6
0x00007fc7153fe340:   00007fc6cc6fba70 00007fc714c401a4
0x00007fc7153fe350:   0000000000da0000 0000000000020000
0x00007fc7153fe360:   00007fc73069f8b0 0000000000000000
0x00007fc7153fe370:   00007fc700000320 00007fc73069f8b0
0x00007fc7153fe380:   00007fc7153fe4b8 00007fc73069f8b0
0x00007fc7153fe390:   00000000153fe4b8 0000000000000000
0x00007fc7153fe3a0:   0000000000000000 00007fc7153fe3d4
0x00007fc7153fe3b0:   00007fc700000005 0000000000ff0000
0x00007fc7153fe3c0:   000000000000ff00 00000000000000ff
0x00007fc7153fe3d0:   0000010000000008 0320050000000000
0x00007fc7153fe3e0:   0000000000000000 00007fc7307af9f8
0x00007fc7153fe3f0:   0000000000000000 00007fc73069f8b0
0x00007fc7153fe400:   0000000000000000 000000000000051e
0x00007fc7153fe410:   00007fc7153fe500 00007fc714c37c60
0x00007fc7153fe420:   0000000000000186 00007fc6cc732ec0
0x00007fc7153fe430:   0000000000000000 0000000000000000
0x00007fc7153fe440:   0000000000000186 00007fc6cc726830 

Instructions: (pc=0x00007fc714c3fc39)
0x00007fc714c3fc19:   45 8c 03 45 90 89 45 a0 49 8d 44 24 01 45 31 e4
0x00007fc714c3fc29:   48 89 45 98 0f 1f 00 44 89 e6 8b 55 ac 48 89 df
0x00007fc714c3fc39:   ff 53 68 4d 8b 57 08 8b 4d bc 48 98 48 8b 75 c8
0x00007fc714c3fc49:   49 8b 52 18 49 8b 7a 20 48 21 c2 48 21 c7 49 23 

Register to memory mapping:

RAX=0x0000000000000500 is an unknown value
RBX=0x0000000000000000 is an unknown value
RCX=0x0000000000000500 is an unknown value
RDX=0x0000000000000000 is an unknown value
RSP=0x00007fc7153fe250 is pointing into the stack for thread: 0x00007fc7307af800
RBP=0x00007fc7153fe330 is pointing into the stack for thread: 0x00007fc7307af800
RSI=0x0000000000000000 is an unknown value
RDI=0x0000000000000000 is an unknown value
R8 =0x00007fc7153fe2f4 is pointing into the stack for thread: 0x00007fc7307af800
R9 =0x0000000000000002 is an unknown value
R10=0x00007fc6cc73a000 is an unknown value
R11=0x0000000000000206 is an unknown value
R12=0x0000000000000000 is an unknown value
R13=0x0000000000000000 is an unknown value
R14=0x00007fc6cc727620 is an unknown value
R15=0x00007fc6cc706660 is an unknown value


Stack: [0x00007fc715300000,0x00007fc715400000],  sp=0x00007fc7153fe250,  free space=1016k
Native frames: (J=compiled Java code, j=interpreted, Vv=VM code, C=native code)
C  [libawt_xawt.so+0x3fc39]  ReadRegionsInList.constprop.5+0x4e9
C  [libawt_xawt.so+0x401e6]  ReadAreaToImage+0x86
C  [libawt_xawt.so+0x37c60]  Java_sun_awt_X11_XRobotPeer_getRGBPixelsImpl+0x120
j  sun.awt.X11.XRobotPeer.getRGBPixelsImpl(Lsun/awt/X11GraphicsConfig;IIII[I)V+0
j  sun.awt.X11.XRobotPeer.getRGBPixels(Ljava/awt/Rectangle;)[I+33
j  java.awt.Robot.createScreenCapture(Ljava/awt/Rectangle;)Ljava/awt/image/BufferedImage;+50
j  tdl.record.screen.image.input.InputFromScreen.readImage()Ljava/awt/image/BufferedImage;+8
j  tdl.record.screen.image.input.ScaleToOptimalSizeImage.readImage()Ljava/awt/image/BufferedImage;+5
j  tdl.record.screen.image.input.EnsureEvenHeightAndWidth.readImage()Ljava/awt/image/BufferedImage;+5
j  tdl.record.screen.video.VideoRecorder.doRecord(Ljava/time/Duration;)V+142
j  tdl.record.screen.video.VideoRecorder.start(Ljava/time/Duration;)V+23
j  tdl.record_upload.video.VideoRecordingThread.run()V+23
v  ~StubRoutines::call_stub
V  [libjvm.so+0x6852db]  JavaCalls::call_helper(JavaValue*, methodHandle*, JavaCallArguments*, Thread*)+0xddb
V  [libjvm.so+0x682ba3]  JavaCalls::call_virtual(JavaValue*, KlassHandle, Symbol*, Symbol*, JavaCallArguments*, Thread*)+0x263
V  [libjvm.so+0x683167]  JavaCalls::call_virtual(JavaValue*, Handle, KlassHandle, Symbol*, Symbol*, Thread*)+0x47
V  [libjvm.so+0x6ef0ec]  thread_entry(JavaThread*, Thread*)+0x6c
V  [libjvm.so+0xa76f9b]  JavaThread::thread_main_inner()+0xdb
V  [libjvm.so+0xa7722f]  JavaThread::run()+0x25f
V  [libjvm.so+0x909c92]  java_start(Thread*)+0x102
C  [libc.so.6+0x94ac3]

Java frames: (J=compiled Java code, j=interpreted, Vv=VM code)
j  sun.awt.X11.XRobotPeer.getRGBPixelsImpl(Lsun/awt/X11GraphicsConfig;IIII[I)V+0
j  sun.awt.X11.XRobotPeer.getRGBPixels(Ljava/awt/Rectangle;)[I+33
j  java.awt.Robot.createScreenCapture(Ljava/awt/Rectangle;)Ljava/awt/image/BufferedImage;+50
j  tdl.record.screen.image.input.InputFromScreen.readImage()Ljava/awt/image/BufferedImage;+8
j  tdl.record.screen.image.input.ScaleToOptimalSizeImage.readImage()Ljava/awt/image/BufferedImage;+5
j  tdl.record.screen.image.input.EnsureEvenHeightAndWidth.readImage()Ljava/awt/image/BufferedImage;+5
j  tdl.record.screen.video.VideoRecorder.doRecord(Ljava/time/Duration;)V+142
j  tdl.record.screen.video.VideoRecorder.start(Ljava/time/Duration;)V+23
j  tdl.record_upload.video.VideoRecordingThread.run()V+23
v  ~StubRoutines::call_stub

---------------  P R O C E S S  ---------------

Java Threads: ( => current thread )
  0x00007fc6a4001000 JavaThread "ExEvent-26" [_thread_blocked, id=2765, stack(0x00007fc6d3f00000,0x00007fc6d4000000)]
  0x00007fc6b8001800 JavaThread "ExEvent-23-acceptor-0@5f321293-ServerConnector@1e0f9063{HTTP/1.1,[http/1.1]}{localhost:41375}" [_thread_in_native, id=2763, stack(0x00007fc6ad3c7000,0x00007fc6ad4c7000)]
  0x00007fc7307cc800 JavaThread "ExEvent-20" [_thread_in_native, id=2753, stack(0x00007fc6e4cff000,0x00007fc6e4dff000)]
  0x00007fc6cc01d800 JavaThread "AWT-XAWT" daemon [_thread_blocked, id=2752, stack(0x00007fc714000000,0x00007fc714100000)]
  0x00007fc7307bc000 JavaThread "HealthCheck" [_thread_blocked, id=2751, stack(0x00007fc714100000,0x00007fc714200000)]
  0x00007fc7307b9800 JavaThread "Metrics" [_thread_blocked, id=2750, stack(0x00007fc714500000,0x00007fc714600000)]
  0x00007fc7307b7800 JavaThread "Upload" [_thread_in_native, id=2749, stack(0x00007fc714b00000,0x00007fc714c00000)]
  0x00007fc7307b0800 JavaThread "SourceRec" [_thread_in_vm, id=2748, stack(0x00007fc714f00000,0x00007fc715000000)]
=>0x00007fc7307af800 JavaThread "VideoRec" [_thread_in_native, id=2747, stack(0x00007fc715300000,0x00007fc715400000)]
  0x00007fc730705000 JavaThread "Java2D Disposer" daemon [_thread_blocked, id=2746, stack(0x00007fc715d00000,0x00007fc715e00000)]
  0x00007fc7305f3000 JavaThread "java-sdk-http-connection-reaper" daemon [_thread_blocked, id=2745, stack(0x00007fc716afc000,0x00007fc716bfc000)]
  0x00007fc730373800 JavaThread "process reaper" daemon [_thread_blocked, id=2739, stack(0x00007fc737050000,0x00007fc737089000)]
  0x00007fc7301a4000 JavaThread "Service Thread" daemon [_thread_blocked, id=2736, stack(0x00007fc716cfd000,0x00007fc716dfd000)]
  0x00007fc730186800 JavaThread "C1 CompilerThread2" daemon [_thread_blocked, id=2735, stack(0x00007fc716dfe000,0x00007fc716efe000)]
  0x00007fc730185000 JavaThread "C2 CompilerThread1" daemon [_thread_blocked, id=2734, stack(0x00007fc716eff000,0x00007fc716fff000)]
  0x00007fc730182000 JavaThread "C2 CompilerThread0" daemon [_thread_blocked, id=2733, stack(0x00007fc717000000,0x00007fc717100000)]
  0x00007fc730180800 JavaThread "Signal Dispatcher" daemon [_thread_blocked, id=2732, stack(0x00007fc717100000,0x00007fc717200000)]
  0x00007fc73014c000 JavaThread "Finalizer" daemon [_thread_blocked, id=2731, stack(0x00007fc7177fa000,0x00007fc7178fa000)]
  0x00007fc730149800 JavaThread "Reference Handler" daemon [_thread_blocked, id=2730, stack(0x00007fc7178fa000,0x00007fc7179fa000)]
  0x00007fc73000a000 JavaThread "main" [_thread_blocked, id=2724, stack(0x00007fc737100000,0x00007fc737200000)]

Other Threads:
  0x00007fc730140000 VMThread [stack: 0x00007fc7179fb000,0x00007fc717afb000] [id=2729]
  0x00007fc7301ae800 WatcherThread [stack: 0x00007fc716bfd000,0x00007fc716cfd000] [id=2737]

VM state:not at safepoint (normal execution)

VM Mutex/Monitor currently owned by a thread: None

Heap:
 PSYoungGen      total 36864K, used 30811K [0x00000000d6b00000, 0x00000000d9400000, 0x0000000100000000)
  eden space 31744K, 97% used [0x00000000d6b00000,0x00000000d8916f08,0x00000000d8a00000)
  from space 5120K, 0% used [0x00000000d8f00000,0x00000000d8f00000,0x00000000d9400000)
  to   space 5120K, 0% used [0x00000000d8a00000,0x00000000d8a00000,0x00000000d8f00000)
 ParOldGen       total 64000K, used 8472K [0x0000000084000000, 0x0000000087e80000, 0x00000000d6b00000)
  object space 64000K, 13% used [0x0000000084000000,0x0000000084846220,0x0000000087e80000)
 Metaspace       used 27035K, capacity 27504K, committed 27776K, reserved 1073152K
  class space    used 3269K, capacity 3428K, committed 3456K, reserved 1048576K

Card table byte_map: [0x00007fc734a5f000,0x00007fc734e40000] byte_map_base: 0x00007fc73463f000

Marking Bits: (ParMarkBitMap*) 0x00007fc736dc6d40
 Begin Bits: [0x00007fc71d200000, 0x00007fc71f100000)
 End Bits:   [0x00007fc71f100000, 0x00007fc721000000)

Polling page: 0x00007fc737648000

CodeCache: size=245760Kb used=5217Kb max_used=5217Kb free=240542Kb
 bounds [0x00007fc721000000, 0x00007fc721520000, 0x00007fc730000000]
 total_blobs=2211 nmethods=1577 adapters=547
 compilation: enabled

Compilation events (10 events):
Event: 4,914 Thread 0x00007fc730186800 1574       3       java.util.regex.Matcher::getTextLength (10 bytes)
Event: 4,914 Thread 0x00007fc730186800 nmethod 1574 0x00007fc721518490 code [0x00007fc721518600, 0x00007fc721518828]
Event: 4,915 Thread 0x00007fc730186800 1573       3       java.util.Formatter$Flags::contains (22 bytes)
Event: 4,915 Thread 0x00007fc730186800 nmethod 1573 0x00007fc721518050 code [0x00007fc7215181c0, 0x00007fc7215183d0]
Event: 4,915 Thread 0x00007fc730186800 1572       3       java.util.regex.Matcher::groupCount (10 bytes)
Event: 4,915 Thread 0x00007fc730186800 nmethod 1572 0x00007fc721517cd0 code [0x00007fc721517e40, 0x00007fc721517f90]
Event: 4,921 Thread 0x00007fc730186800 1575       1       java.lang.ProcessEnvironment$ExternalData::getBytes (5 bytes)
Event: 4,921 Thread 0x00007fc730186800 nmethod 1575 0x00007fc721515490 code [0x00007fc7215155e0, 0x00007fc7215156f0]
Event: 4,941 Thread 0x00007fc730186800 1576       3       java.io.UnixFileSystem::prefixLength (25 bytes)
Event: 4,941 Thread 0x00007fc730186800 nmethod 1576 0x00007fc72151ad90 code [0x00007fc72151af20, 0x00007fc72151b428]

GC Heap History (6 events):
Event: 1,397 GC heap before
{Heap before GC invocations=1 (full 0):
 PSYoungGen      total 36864K, used 31744K [0x00000000d6b00000, 0x00000000d9400000, 0x0000000100000000)
  eden space 31744K, 100% used [0x00000000d6b00000,0x00000000d8a00000,0x00000000d8a00000)
  from space 5120K, 0% used [0x00000000d8f00000,0x00000000d8f00000,0x00000000d9400000)
  to   space 5120K, 0% used [0x00000000d8a00000,0x00000000d8a00000,0x00000000d8f00000)
 ParOldGen       total 84992K, used 0K [0x0000000084000000, 0x0000000089300000, 0x00000000d6b00000)
  object space 84992K, 0% used [0x0000000084000000,0x0000000084000000,0x0000000089300000)
 Metaspace       used 17173K, capacity 17390K, committed 17664K, reserved 1064960K
  class space    used 2094K, capacity 2183K, committed 2304K, reserved 1048576K
Event: 1,404 GC heap after
Heap after GC invocations=1 (full 0):
 PSYoungGen      total 36864K, used 5106K [0x00000000d6b00000, 0x00000000d9400000, 0x0000000100000000)
  eden space 31744K, 0% used [0x00000000d6b00000,0x00000000d6b00000,0x00000000d8a00000)
  from space 5120K, 99% used [0x00000000d8a00000,0x00000000d8efcb38,0x00000000d8f00000)
  to   space 5120K, 0% used [0x00000000d8f00000,0x00000000d8f00000,0x00000000d9400000)
 ParOldGen       total 84992K, used 3438K [0x0000000084000000, 0x0000000089300000, 0x00000000d6b00000)
  object space 84992K, 4% used [0x0000000084000000,0x000000008435ba08,0x0000000089300000)
 Metaspace       used 17173K, capacity 17390K, committed 17664K, reserved 1064960K
  class space    used 2094K, capacity 2183K, committed 2304K, reserved 1048576K
}
Event: 2,571 GC heap before
{Heap before GC invocations=2 (full 0):
 PSYoungGen      total 36864K, used 27134K [0x00000000d6b00000, 0x00000000d9400000, 0x0000000100000000)
  eden space 31744K, 69% used [0x00000000d6b00000,0x00000000d8082d38,0x00000000d8a00000)
  from space 5120K, 99% used [0x00000000d8a00000,0x00000000d8efcb38,0x00000000d8f00000)
  to   space 5120K, 0% used [0x00000000d8f00000,0x00000000d8f00000,0x00000000d9400000)
 ParOldGen       total 84992K, used 3438K [0x0000000084000000, 0x0000000089300000, 0x00000000d6b00000)
  object space 84992K, 4% used [0x0000000084000000,0x000000008435ba08,0x0000000089300000)
 Metaspace       used 20727K, capacity 21042K, committed 21296K, reserved 1069056K
  class space    used 2546K, capacity 2645K, committed 2688K, reserved 1048576K
Event: 2,582 GC heap after
Heap after GC invocations=2 (full 0):
 PSYoungGen      total 36864K, used 5090K [0x00000000d6b00000, 0x00000000d9400000, 0x0000000100000000)
  eden space 31744K, 0% used [0x00000000d6b00000,0x00000000d6b00000,0x00000000d8a00000)
  from space 5120K, 99% used [0x00000000d8f00000,0x00000000d93f8910,0x00000000d9400000)
  to   space 5120K, 0% used [0x00000000d8a00000,0x00000000d8a00000,0x00000000d8f00000)
 ParOldGen       total 84992K, used 6950K [0x0000000084000000, 0x0000000089300000, 0x00000000d6b00000)
  object space 84992K, 8% used [0x0000000084000000,0x00000000846c9b48,0x0000000089300000)
 Metaspace       used 20727K, capacity 21042K, committed 21296K, reserved 1069056K
  class space    used 2546K, capacity 2645K, committed 2688K, reserved 1048576K
}
Event: 2,582 GC heap before
{Heap before GC invocations=3 (full 1):
 PSYoungGen      total 36864K, used 5090K [0x00000000d6b00000, 0x00000000d9400000, 0x0000000100000000)
  eden space 31744K, 0% used [0x00000000d6b00000,0x00000000d6b00000,0x00000000d8a00000)
  from space 5120K, 99% used [0x00000000d8f00000,0x00000000d93f8910,0x00000000d9400000)
  to   space 5120K, 0% used [0x00000000d8a00000,0x00000000d8a00000,0x00000000d8f00000)
 ParOldGen       total 84992K, used 6950K [0x0000000084000000, 0x0000000089300000, 0x00000000d6b00000)
  object space 84992K, 8% used [0x0000000084000000,0x00000000846c9b48,0x0000000089300000)
 Metaspace       used 20727K, capacity 21042K, committed 21296K, reserved 1069056K
  class space    used 2546K, capacity 2645K, committed 2688K, reserved 1048576K
Event: 2,609 GC heap after
Heap after GC invocations=3 (full 1):
 PSYoungGen      total 36864K, used 0K [0x00000000d6b00000, 0x00000000d9400000, 0x0000000100000000)
  eden space 31744K, 0% used [0x00000000d6b00000,0x00000000d6b00000,0x00000000d8a00000)
  from space 5120K, 0% used [0x00000000d8f00000,0x00000000d8f00000,0x00000000d9400000)
  to   space 5120K, 0% used [0x00000000d8a00000,0x00000000d8a00000,0x00000000d8f00000)
 ParOldGen       total 64000K, used 8472K [0x0000000084000000, 0x0000000087e80000, 0x00000000d6b00000)
  object space 64000K, 13% used [0x0000000084000000,0x0000000084846220,0x0000000087e80000)
 Metaspace       used 20727K, capacity 21042K, committed 21296K, reserved 1069056K
  class space    used 2546K, capacity 2645K, committed 2688K, reserved 1048576K
}

Deoptimization events (10 events):
Event: 1,653 Thread 0x00007fc73000a000 Uncommon trap: reason=class_check action=maybe_recompile pc=0x00007fc72141ee7c method=java.util.Collections$UnmodifiableCollection$1.next()Ljava/lang/Object; @ 4
Event: 1,653 Thread 0x00007fc73000a000 Uncommon trap: reason=class_check action=maybe_recompile pc=0x00007fc721369c94 method=java.util.regex.Pattern$Curly.match(Ljava/util/regex/Matcher;ILjava/lang/CharSequence;)Z @ 19
Event: 1,653 Thread 0x00007fc73000a000 Uncommon trap: reason=class_check action=maybe_recompile pc=0x00007fc72141ee7c method=java.util.Collections$UnmodifiableCollection$1.next()Ljava/lang/Object; @ 4
Event: 1,653 Thread 0x00007fc73000a000 Uncommon trap: reason=class_check action=maybe_recompile pc=0x00007fc721369c94 method=java.util.regex.Pattern$Curly.match(Ljava/util/regex/Matcher;ILjava/lang/CharSequence;)Z @ 19
Event: 1,653 Thread 0x00007fc73000a000 Uncommon trap: reason=class_check action=maybe_recompile pc=0x00007fc72141ee7c method=java.util.Collections$UnmodifiableCollection$1.next()Ljava/lang/Object; @ 4
Event: 1,653 Thread 0x00007fc73000a000 Uncommon trap: reason=class_check action=maybe_recompile pc=0x00007fc721369c94 method=java.util.regex.Pattern$Curly.match(Ljava/util/regex/Matcher;ILjava/lang/CharSequence;)Z @ 19
Event: 1,685 Thread 0x00007fc73000a000 Uncommon trap: reason=unstable_if action=reinterpret pc=0x00007fc721330ae0 method=java.lang.String$CaseInsensitiveComparator.compare(Ljava/lang/String;Ljava/lang/String;)I @ 70
Event: 2,153 Thread 0x00007fc73000a000 Uncommon trap: reason=bimorphic action=maybe_recompile pc=0x00007fc7212e07a8 method=java.util.HashMap.putVal(ILjava/lang/Object;Ljava/lang/Object;ZZ)Ljava/lang/Object; @ 152
Event: 2,611 Thread 0x00007fc73000a000 Uncommon trap: reason=unstable_if action=reinterpret pc=0x00007fc72145242c method=java.util.Arrays.equals([B[B)Z @ 41
Event: 3,683 Thread 0x00007fc73000a000 Uncommon trap: reason=bimorphic action=maybe_recompile pc=0x00007fc721357ff8 method=java.util.HashMap.putVal(ILjava/lang/Object;Ljava/lang/Object;ZZ)Ljava/lang/Object; @ 152

Classes redefined (0 events):
No events

Internal exceptions (10 events):
Event: 0,536 Thread 0x00007fc73000a000 Exception <a 'java/lang/ArrayIndexOutOfBoundsException'> (0x00000000d7009770) thrown at [/HUDSON/workspace/8-2-build-linux-amd64/jdk8u191/11894/hotspot/src/share/vm/runtime/sharedRuntime.cpp, line 605]
Event: 0,661 Thread 0x00007fc73000a000 Exception <a 'java/lang/NoSuchFieldError': method resolution failed> (0x00000000d7245240) thrown at [/HUDSON/workspace/8-2-build-linux-amd64/jdk8u191/11894/hotspot/src/share/vm/prims/methodHandles.cpp, line 1167]
Event: 0,662 Thread 0x00007fc73000a000 Exception <a 'java/lang/NoSuchFieldError': method resolution failed> (0x00000000d7252560) thrown at [/HUDSON/workspace/8-2-build-linux-amd64/jdk8u191/11894/hotspot/src/share/vm/prims/methodHandles.cpp, line 1167]
Event: 0,705 Thread 0x00007fc73000a000 Exception <a 'java/lang/NoSuchMethodError': org.slf4j.impl.StaticMDCBinder.getSingleton()Lorg/slf4j/impl/StaticMDCBinder;> (0x00000000d7319bf8) thrown at [/HUDSON/workspace/8-2-build-linux-amd64/jdk8u191/11894/hotspot/src/share/vm/interpreter/linkResolver
Event: 3,583 Thread 0x00007fc73000a000 Exception <a 'java/lang/ClassNotFoundException': com/sun/org/glassfish/hk2/osgiresourcelocator/ServiceLoader> (0x00000000d6c78fb8) thrown at [/HUDSON/workspace/8-2-build-linux-amd64/jdk8u191/11894/hotspot/src/share/vm/classfile/systemDictionary.cpp, line 
Event: 3,604 Thread 0x00007fc73000a000 Exception <a 'java/lang/NullPointerException'> (0x00000000d6c7e9a8) thrown at [/HUDSON/workspace/8-2-build-linux-amd64/jdk8u191/11894/hotspot/src/share/vm/interpreter/linkResolver.cpp, line 1287]
Event: 3,694 Thread 0x00007fc73000a000 Exception <a 'java/io/FileNotFoundException'> (0x00000000d6cb2568) thrown at [/HUDSON/workspace/8-2-build-linux-amd64/jdk8u191/11894/hotspot/src/share/vm/prims/jni.cpp, line 709]
Event: 3,694 Thread 0x00007fc73000a000 Exception <a 'java/io/FileNotFoundException'> (0x00000000d6cb2f30) thrown at [/HUDSON/workspace/8-2-build-linux-amd64/jdk8u191/11894/hotspot/src/share/vm/prims/jni.cpp, line 709]
Event: 4,768 Thread 0x00007fc7307af800 Exception <a 'java/lang/NoSuchMethodError': java.lang.Object.lambda$comparing$77a9974f$1(Ljava/util/function/Function;Ljava/lang/Object;Ljava/lang/Object;)I> (0x00000000d7604e48) thrown at [/HUDSON/workspace/8-2-build-linux-amd64/jdk8u191/11894/hotspot/sr
Event: 4,941 Thread 0x00007fc7307b0800 Exception <a 'sun/nio/fs/UnixException'> (0x00000000d8895bf0) thrown at [/HUDSON/workspace/8-2-build-linux-amd64/jdk8u191/11894/hotspot/src/share/vm/prims/jni.cpp, line 709]

Events (10 events):
Event: 4,941 loading class sun/awt/X11/XErrorEvent done
Event: 4,941 loading class java/nio/file/FileSystemException
Event: 4,941 loading class java/nio/file/FileSystemException done
Event: 4,941 loading class java/nio/file/AtomicMoveNotSupportedException done
Event: 4,941 loading class sun/nio/fs/UnixException
Event: 4,941 loading class sun/nio/fs/UnixException done
Event: 4,941 loading class java/nio/file/NoSuchFileException
Event: 4,941 loading class java/nio/file/NoSuchFileException done
Event: 4,941 loading class org/eclipse/jgit/util/IO
Event: 4,941 loading class org/eclipse/jgit/util/IO done


Dynamic libraries:
00400000-00401000 r-xp 00000000 08:03 544666                             /home/user/Desktop/accelerate_runner/jre/bin/java
00600000-00601000 r--p 00000000 08:03 544666                             /home/user/Desktop/accelerate_runner/jre/bin/java
00601000-00602000 rw-p 00001000 08:03 544666                             /home/user/Desktop/accelerate_runner/jre/bin/java
02217000-02238000 rw-p 00000000 00:00 0                                  [heap]
84000000-87e80000 rw-p 00000000 00:00 0 
87e80000-d6b00000 ---p 00000000 00:00 0 
d6b00000-d9400000 rw-p 00000000 00:00 0 
d9400000-100000000 ---p 00000000 00:00 0 
100000000-100360000 rw-p 00000000 00:00 0 
100360000-140000000 ---p 00000000 00:00 0 
7fc6a0000000-7fc6a0021000 rw-p 00000000 00:00 0 
7fc6a0021000-7fc6a4000000 ---p 00000000 00:00 0 
7fc6a4000000-7fc6a4021000 rw-p 00000000 00:00 0 
7fc6a4021000-7fc6a8000000 ---p 00000000 00:00 0 
7fc6a8000000-7fc6a8021000 rw-p 00000000 00:00 0 
7fc6a8021000-7fc6ac000000 ---p 00000000 00:00 0 
7fc6acbef000-7fc6acfd8000 rw-p 00000000 00:00 0 
7fc6acfd8000-7fc6acfdb000 ---p 00000000 00:00 0 
7fc6acfdb000-7fc6ad0d8000 rwxp 00000000 00:00 0 
7fc6ad0d8000-7fc6ad3c7000 rw-p 00000000 00:00 0 
7fc6ad3c7000-7fc6ad3ca000 ---p 00000000 00:00 0 
7fc6ad3ca000-7fc6ad4c7000 rwxp 00000000 00:00 0 
7fc6ad4c7000-7fc6ad4c8000 ---p 00000000 00:00 0 
7fc6ad4c8000-7fc6adcc8000 rwxp 00000000 00:00 0 
7fc6adcc8000-7fc6ade00000 rw-p 00000000 00:00 0 
7fc6ade00000-7fc6ae000000 rw-p 00000000 00:00 0 
7fc6ae000000-7fc6ae200000 rw-p 00000000 00:00 0 
7fc6ae200000-7fc6ae400000 rw-p 00000000 00:00 0 
7fc6ae400000-7fc6ae800000 rw-p 00000000 00:00 0 
7fc6ae800000-7fc6aec00000 rw-p 00000000 00:00 0 
7fc6aec00000-7fc6af000000 rw-p 00000000 00:00 0 
7fc6af000000-7fc6af200000 rw-p 00000000 00:00 0 
7fc6af200000-7fc6af600000 rw-p 00000000 00:00 0 
7fc6af600000-7fc6afa00000 rw-p 00000000 00:00 0 
7fc6afa00000-7fc6afe00000 rw-p 00000000 00:00 0 
7fc6afe00000-7fc6b0000000 rw-p 00000000 00:00 0 
7fc6b0000000-7fc6b0400000 rw-p 00000000 00:00 0 
7fc6b0400000-7fc6b0800000 rw-p 00000000 00:00 0 
7fc6b0800000-7fc6b0c00000 rw-p 00000000 00:00 0 
7fc6b0c00000-7fc6b0e00000 rw-p 00000000 00:00 0 
7fc6b0e00000-7fc6b1000000 rw-p 00000000 00:00 0 
7fc6b1000000-7fc6b1400000 rw-p 00000000 00:00 0 
7fc6b1400000-7fc6b1800000 rw-p 00000000 00:00 0 
7fc6b1800000-7fc6b1a00000 rw-p 00000000 00:00 0 
7fc6b1a00000-7fc6b1e00000 rw-p 00000000 00:00 0 
7fc6b1e00000-7fc6b2200000 rw-p 00000000 00:00 0 
7fc6b2200000-7fc6b2400000 rw-p 00000000 00:00 0 
7fc6b2400000-7fc6b2600000 rw-p 00000000 00:00 0 
7fc6b2600000-7fc6b2a00000 rw-p 00000000 00:00 0 
7fc6b2a00000-7fc6b2e00000 rw-p 00000000 00:00 0 
7fc6b2e00000-7fc6b2ffe000 rw-p 00000000 00:00 0 
7fc6b2ffe000-7fc6b2fff000 ---p 00000000 00:00 0 
7fc6b2fff000-7fc6b37ff000 rwxp 00000000 00:00 0 
7fc6b37ff000-7fc6b3800000 ---p 00000000 00:00 0 
7fc6b3800000-7fc6b4000000 rwxp 00000000 00:00 0 
7fc6b4000000-7fc6b4021000 rw-p 00000000 00:00 0 
7fc6b4021000-7fc6b8000000 ---p 00000000 00:00 0 
7fc6b8000000-7fc6b8021000 rw-p 00000000 00:00 0 
7fc6b8021000-7fc6bc000000 ---p 00000000 00:00 0 
7fc6bc000000-7fc6bc021000 rw-p 00000000 00:00 0 
7fc6bc021000-7fc6c0000000 ---p 00000000 00:00 0 
7fc6c0000000-7fc6c0021000 rw-p 00000000 00:00 0 
7fc6c0021000-7fc6c4000000 ---p 00000000 00:00 0 
7fc6c4000000-7fc6c404f000 rw-p 00000000 00:00 0 
7fc6c404f000-7fc6c8000000 ---p 00000000 00:00 0 
7fc6c8000000-7fc6c8021000 rw-p 00000000 00:00 0 
7fc6c8021000-7fc6cc000000 ---p 00000000 00:00 0 
7fc6cc000000-7fc6cca0b000 rw-p 00000000 00:00 0 
7fc6cca0b000-7fc6d0000000 ---p 00000000 00:00 0 
7fc6d00f0000-7fc6d05fd000 rw-p 00000000 00:00 0 
7fc6d05fd000-7fc6d05fe000 ---p 00000000 00:00 0 
7fc6d05fe000-7fc6d0dfe000 rwxp 00000000 00:00 0 
7fc6d0dfe000-7fc6d0dff000 ---p 00000000 00:00 0 
7fc6d0dff000-7fc6d15ff000 rwxp 00000000 00:00 0 
7fc6d15ff000-7fc6d1600000 ---p 00000000 00:00 0 
7fc6d1600000-7fc6d1e00000 rwxp 00000000 00:00 0 
7fc6d1e00000-7fc6d344c000 r-xp 00000000 08:03 551547                     /tmp/humble5288745297406905003.tmp (deleted)
7fc6d344c000-7fc6d364b000 ---p 0164c000 08:03 551547                     /tmp/humble5288745297406905003.tmp (deleted)
7fc6d364b000-7fc6d36f9000 r--p 0164b000 08:03 551547                     /tmp/humble5288745297406905003.tmp (deleted)
7fc6d36f9000-7fc6d3740000 rw-p 016f9000 08:03 551547                     /tmp/humble5288745297406905003.tmp (deleted)
7fc6d3740000-7fc6d3e8a000 rw-p 00000000 00:00 0 
7fc6d3f00000-7fc6d3f03000 ---p 00000000 00:00 0 
7fc6d3f03000-7fc6d4000000 rwxp 00000000 00:00 0 
7fc6d4000000-7fc6d4021000 rw-p 00000000 00:00 0 
7fc6d4021000-7fc6d8000000 ---p 00000000 00:00 0 
7fc6d8000000-7fc6d8021000 rw-p 00000000 00:00 0 
7fc6d8021000-7fc6dc000000 ---p 00000000 00:00 0 
7fc6dc000000-7fc6dc021000 rw-p 00000000 00:00 0 
7fc6dc021000-7fc6e0000000 ---p 00000000 00:00 0 
7fc6e0000000-7fc6e0021000 rw-p 00000000 00:00 0 
7fc6e0021000-7fc6e4000000 ---p 00000000 00:00 0 
7fc6e4078000-7fc6e4079000 ---p 00000000 00:00 0 
7fc6e4079000-7fc6e4879000 rwxp 00000000 00:00 0 
7fc6e4879000-7fc6e4a00000 rw-p 00000000 00:00 0 
7fc6e4a00000-7fc6e4c00000 rw-p 00000000 00:00 0 
7fc6e4c00000-7fc6e4cff000 rw-p 00000000 00:00 0 
7fc6e4cff000-7fc6e4d02000 ---p 00000000 00:00 0 
7fc6e4d02000-7fc6e4dff000 rwxp 00000000 00:00 0 
7fc6e4dff000-7fc6e4fbf000 rw-p 00000000 00:00 0 
7fc6e4fbf000-7fc6e4fff000 ---p 00000000 00:00 0 
7fc6e4fff000-7fc6e8000000 rw-p 00000000 00:00 0 
7fc6e8000000-7fc6e8304000 rw-p 00000000 00:00 0 
7fc6e8304000-7fc6ec000000 ---p 00000000 00:00 0 
7fc6ec000000-7fc6ec021000 rw-p 00000000 00:00 0 
7fc6ec021000-7fc6f0000000 ---p 00000000 00:00 0 
7fc6f0000000-7fc6f0232000 rw-p 00000000 00:00 0 
7fc6f0232000-7fc6f4000000 ---p 00000000 00:00 0 
7fc6f4000000-7fc6f42fd000 rw-p 00000000 00:00 0 
7fc6f42fd000-7fc6f8000000 ---p 00000000 00:00 0 
7fc6f8000000-7fc6f8021000 rw-p 00000000 00:00 0 
7fc6f8021000-7fc6fc000000 ---p 00000000 00:00 0 
7fc6fc000000-7fc6fc021000 rw-p 00000000 00:00 0 
7fc6fc021000-7fc700000000 ---p 00000000 00:00 0 
7fc700000000-7fc700021000 rw-p 00000000 00:00 0 
7fc700021000-7fc704000000 ---p 00000000 00:00 0 
7fc704000000-7fc704021000 rw-p 00000000 00:00 0 
7fc704021000-7fc708000000 ---p 00000000 00:00 0 
7fc708000000-7fc708021000 rw-p 00000000 00:00 0 
7fc708021000-7fc70c000000 ---p 00000000 00:00 0 
7fc70c000000-7fc70c021000 rw-p 00000000 00:00 0 
7fc70c021000-7fc710000000 ---p 00000000 00:00 0 
7fc710000000-7fc710021000 rw-p 00000000 00:00 0 
7fc710021000-7fc714000000 ---p 00000000 00:00 0 
7fc714000000-7fc714003000 ---p 00000000 00:00 0 
7fc714003000-7fc714100000 rwxp 00000000 00:00 0 
7fc714100000-7fc714103000 ---p 00000000 00:00 0 
7fc714103000-7fc714200000 rwxp 00000000 00:00 0 
7fc714200000-7fc71429a000 r--p 00000000 08:03 684097                     /usr/lib/x86_64-linux-gnu/libstdc++.so.6.0.30
7fc71429a000-7fc7143ab000 r-xp 0009a000 08:03 684097                     /usr/lib/x86_64-linux-gnu/libstdc++.so.6.0.30
7fc7143ab000-7fc71441a000 r--p 001ab000 08:03 684097                     /usr/lib/x86_64-linux-gnu/libstdc++.so.6.0.30
7fc71441a000-7fc71441b000 ---p 0021a000 08:03 684097                     /usr/lib/x86_64-linux-gnu/libstdc++.so.6.0.30
7fc71441b000-7fc714426000 r--p 0021a000 08:03 684097                     /usr/lib/x86_64-linux-gnu/libstdc++.so.6.0.30
7fc714426000-7fc714429000 rw-p 00225000 08:03 684097                     /usr/lib/x86_64-linux-gnu/libstdc++.so.6.0.30
7fc714429000-7fc71442c000 rw-p 00000000 00:00 0 
7fc714500000-7fc714503000 ---p 00000000 00:00 0 
7fc714503000-7fc714600000 rwxp 00000000 00:00 0 
7fc714600000-7fc714800000 rw-p 00000000 00:00 0 
7fc714800000-7fc71485d000 r-xp 00000000 08:03 544807                     /home/user/Desktop/accelerate_runner/jre/lib/amd64/libfontmanager.so
7fc71485d000-7fc714a5d000 ---p 0005d000 08:03 544807                     /home/user/Desktop/accelerate_runner/jre/lib/amd64/libfontmanager.so
7fc714a5d000-7fc714a60000 r--p 0005d000 08:03 544807                     /home/user/Desktop/accelerate_runner/jre/lib/amd64/libfontmanager.so
7fc714a60000-7fc714a61000 rw-p 00060000 08:03 544807                     /home/user/Desktop/accelerate_runner/jre/lib/amd64/libfontmanager.so
7fc714b00000-7fc714b03000 ---p 00000000 00:00 0 
7fc714b03000-7fc714c00000 rwxp 00000000 00:00 0 
7fc714c00000-7fc714c53000 r-xp 00000000 08:03 544842                     /home/user/Desktop/accelerate_runner/jre/lib/amd64/libawt_xawt.so
7fc714c53000-7fc714e52000 ---p 00053000 08:03 544842                     /home/user/Desktop/accelerate_runner/jre/lib/amd64/libawt_xawt.so
7fc714e52000-7fc714e53000 r--p 00052000 08:03 544842                     /home/user/Desktop/accelerate_runner/jre/lib/amd64/libawt_xawt.so
7fc714e53000-7fc714e56000 rw-p 00053000 08:03 544842                     /home/user/Desktop/accelerate_runner/jre/lib/amd64/libawt_xawt.so
7fc714e56000-7fc714e57000 rw-p 00000000 00:00 0 
7fc714f00000-7fc714f03000 ---p 00000000 00:00 0 
7fc714f03000-7fc715000000 rwxp 00000000 00:00 0 
7fc715000000-7fc71509f000 r-xp 00000000 08:03 544827                     /home/user/Desktop/accelerate_runner/jre/lib/amd64/libawt.so
7fc71509f000-7fc71529f000 ---p 0009f000 08:03 544827                     /home/user/Desktop/accelerate_runner/jre/lib/amd64/libawt.so
7fc71529f000-7fc7152a0000 r--p 0009f000 08:03 544827                     /home/user/Desktop/accelerate_runner/jre/lib/amd64/libawt.so
7fc7152a0000-7fc7152ab000 rw-p 000a0000 08:03 544827                     /home/user/Desktop/accelerate_runner/jre/lib/amd64/libawt.so
7fc7152ab000-7fc7152d0000 rw-p 00000000 00:00 0 
7fc715300000-7fc715303000 ---p 00000000 00:00 0 
7fc715303000-7fc715400000 rwxp 00000000 00:00 0 
7fc715400000-7fc7155ec000 rw-p 00000000 00:00 0 
7fc7155ec000-7fc7157c0000 rw-p 00000000 00:00 0 
7fc7157c0000-7fc715a00000 rw-p 00000000 00:00 0 
7fc715a00000-7fc715a08000 r-xp 00000000 08:03 544852                     /home/user/Desktop/accelerate_runner/jre/lib/amd64/libmanagement.so
7fc715a08000-7fc715c08000 ---p 00008000 08:03 544852                     /home/user/Desktop/accelerate_runner/jre/lib/amd64/libmanagement.so
7fc715c08000-7fc715c09000 r--p 00008000 08:03 544852                     /home/user/Desktop/accelerate_runner/jre/lib/amd64/libmanagement.so
7fc715c09000-7fc715c0a000 rw-p 00009000 08:03 544852                     /home/user/Desktop/accelerate_runner/jre/lib/amd64/libmanagement.so
7fc715d00000-7fc715d03000 ---p 00000000 00:00 0 
7fc715d03000-7fc715e00000 rwxp 00000000 00:00 0 
7fc715e00000-7fc715fc0000 rw-p 00000000 00:00 0 
7fc715fc0000-7fc7161c0000 rw-p 00000000 00:00 0 
7fc7161c0000-7fc716400000 rw-p 00000000 00:00 0 
7fc716400000-7fc716411000 r-xp 00000000 08:03 544837                     /home/user/Desktop/accelerate_runner/jre/lib/amd64/libnio.so
7fc716411000-7fc716610000 ---p 00011000 08:03 544837                     /home/user/Desktop/accelerate_runner/jre/lib/amd64/libnio.so
7fc716610000-7fc716611000 r--p 00010000 08:03 544837                     /home/user/Desktop/accelerate_runner/jre/lib/amd64/libnio.so
7fc716611000-7fc716612000 rw-p 00011000 08:03 544837                     /home/user/Desktop/accelerate_runner/jre/lib/amd64/libnio.so
7fc7166c0000-7fc7166d9000 r--p 00000000 08:03 682709                     /usr/lib/x86_64-linux-gnu/libX11.so.6.4.0
7fc7166d9000-7fc716765000 r-xp 00019000 08:03 682709                     /usr/lib/x86_64-linux-gnu/libX11.so.6.4.0
7fc716765000-7fc7167fa000 r--p 000a5000 08:03 682709                     /usr/lib/x86_64-linux-gnu/libX11.so.6.4.0
7fc7167fa000-7fc7167fb000 ---p 0013a000 08:03 682709                     /usr/lib/x86_64-linux-gnu/libX11.so.6.4.0
7fc7167fb000-7fc7167fc000 r--p 0013a000 08:03 682709                     /usr/lib/x86_64-linux-gnu/libX11.so.6.4.0
7fc7167fc000-7fc716800000 rw-p 0013b000 08:03 682709                     /usr/lib/x86_64-linux-gnu/libX11.so.6.4.0
7fc716800000-7fc716816000 r-xp 00000000 08:03 544834                     /home/user/Desktop/accelerate_runner/jre/lib/amd64/libnet.so
7fc716816000-7fc716a15000 ---p 00016000 08:03 544834                     /home/user/Desktop/accelerate_runner/jre/lib/amd64/libnet.so
7fc716a15000-7fc716a16000 r--p 00015000 08:03 544834                     /home/user/Desktop/accelerate_runner/jre/lib/amd64/libnet.so
7fc716a16000-7fc716a17000 rw-p 00016000 08:03 544834                     /home/user/Desktop/accelerate_runner/jre/lib/amd64/libnet.so
7fc716afc000-7fc716aff000 ---p 00000000 00:00 0 
7fc716aff000-7fc716bfc000 rwxp 00000000 00:00 0 
7fc716bfc000-7fc716bfd000 ---p 00000000 00:00 0 
7fc716bfd000-7fc716cfd000 rwxp 00000000 00:00 0 
7fc716cfd000-7fc716d00000 ---p 00000000 00:00 0 
7fc716d00000-7fc716dfd000 rwxp 00000000 00:00 0 
7fc716dfd000-7fc716dfe000 ---p 00000000 00:00 0 
7fc716dfe000-7fc716e01000 ---p 00000000 00:00 0 
7fc716e01000-7fc716efe000 rwxp 00000000 00:00 0 
7fc716efe000-7fc716eff000 ---p 00000000 00:00 0 
7fc716eff000-7fc716f02000 ---p 00000000 00:00 0 
7fc716f02000-7fc716fff000 rwxp 00000000 00:00 0 
7fc716fff000-7fc717000000 ---p 00000000 00:00 0 
7fc717000000-7fc717003000 ---p 00000000 00:00 0 
7fc717003000-7fc717100000 rwxp 00000000 00:00 0 
7fc717100000-7fc717103000 ---p 00000000 00:00 0 
7fc717103000-7fc717200000 rwxp 00000000 00:00 0 
7fc717200000-7fc7177c5000 r--p 00000000 08:03 682053                     /usr/lib/locale/locale-archive
7fc7177fa000-7fc7177fd000 ---p 00000000 00:00 0 
7fc7177fd000-7fc7178fa000 rwxp 00000000 00:00 0 
7fc7178fa000-7fc7178fd000 ---p 00000000 00:00 0 
7fc7178fd000-7fc7179fa000 rwxp 00000000 00:00 0 
7fc7179fa000-7fc7179fb000 ---p 00000000 00:00 0 
7fc7179fb000-7fc717afb000 rwxp 00000000 00:00 0 
7fc717afb000-7fc718000000 rw-p 00000000 00:00 0 
7fc718000000-7fc718021000 rw-p 00000000 00:00 0 
7fc718021000-7fc71c000000 ---p 00000000 00:00 0 
7fc71c0f7000-7fc721000000 rw-p 00000000 00:00 0 
7fc721000000-7fc721520000 rwxp 00000000 00:00 0 
7fc721520000-7fc730000000 ---p 00000000 00:00 0 
7fc730000000-7fc730a17000 rw-p 00000000 00:00 0 
7fc730a17000-7fc734000000 ---p 00000000 00:00 0 
7fc73400d000-7fc73410e000 rw-p 00000000 00:00 0 
7fc73410e000-7fc7342e8000 r--s 03d6c000 08:03 544776                     /home/user/Desktop/accelerate_runner/jre/lib/rt.jar
7fc7342e8000-7fc7346c8000 rw-p 00000000 00:00 0 
7fc7346c8000-7fc7346c9000 ---p 00000000 00:00 0 
7fc7346c9000-7fc7347c9000 rwxp 00000000 00:00 0 
7fc7347c9000-7fc7347e9000 rw-p 00000000 00:00 0 
7fc7347e9000-7fc734a5f000 ---p 00000000 00:00 0 
7fc734a5f000-7fc734a7f000 rw-p 00000000 00:00 0 
7fc734a7f000-7fc734cf4000 ---p 00000000 00:00 0 
7fc734cf4000-7fc734d09000 rw-p 00000000 00:00 0 
7fc734d09000-7fc734e3f000 ---p 00000000 00:00 0 
7fc734e3f000-7fc734e55000 rw-p 00000000 00:00 0 
7fc734e55000-7fc735200000 ---p 00000000 00:00 0 
7fc735200000-7fc73521a000 r-xp 00000000 08:03 544825                     /home/user/Desktop/accelerate_runner/jre/lib/amd64/libzip.so
7fc73521a000-7fc73541a000 ---p 0001a000 08:03 544825                     /home/user/Desktop/accelerate_runner/jre/lib/amd64/libzip.so
7fc73541a000-7fc73541b000 r--p 0001a000 08:03 544825                     /home/user/Desktop/accelerate_runner/jre/lib/amd64/libzip.so
7fc73541b000-7fc73541c000 rw-p 0001b000 08:03 544825                     /home/user/Desktop/accelerate_runner/jre/lib/amd64/libzip.so
7fc7354ff000-7fc735500000 ---p 00000000 00:00 0 
7fc735500000-7fc735600000 rwxp 00000000 00:00 0 
7fc735600000-7fc73562d000 r-xp 00000000 08:03 544847                     /home/user/Desktop/accelerate_runner/jre/lib/amd64/libjava.so
7fc73562d000-7fc73582c000 ---p 0002d000 08:03 544847                     /home/user/Desktop/accelerate_runner/jre/lib/amd64/libjava.so
7fc73582c000-7fc73582d000 r--p 0002c000 08:03 544847                     /home/user/Desktop/accelerate_runner/jre/lib/amd64/libjava.so
7fc73582d000-7fc73582f000 rw-p 0002d000 08:03 544847                     /home/user/Desktop/accelerate_runner/jre/lib/amd64/libjava.so
7fc735858000-7fc73585a000 r--p 00000000 08:03 682728                     /usr/lib/x86_64-linux-gnu/libXfixes.so.3.1.0
7fc73585a000-7fc73585d000 r-xp 00002000 08:03 682728                     /usr/lib/x86_64-linux-gnu/libXfixes.so.3.1.0
7fc73585d000-7fc73585e000 r--p 00005000 08:03 682728                     /usr/lib/x86_64-linux-gnu/libXfixes.so.3.1.0
7fc73585e000-7fc73585f000 r--p 00006000 08:03 682728                     /usr/lib/x86_64-linux-gnu/libXfixes.so.3.1.0
7fc73585f000-7fc735860000 rw-p 00007000 08:03 682728                     /usr/lib/x86_64-linux-gnu/libXfixes.so.3.1.0
7fc735860000-7fc735862000 r--p 00000000 08:03 682720                     /usr/lib/x86_64-linux-gnu/libXcursor.so.1.0.2
7fc735862000-7fc735868000 r-xp 00002000 08:03 682720                     /usr/lib/x86_64-linux-gnu/libXcursor.so.1.0.2
7fc735868000-7fc73586a000 r--p 00008000 08:03 682720                     /usr/lib/x86_64-linux-gnu/libXcursor.so.1.0.2
7fc73586a000-7fc73586b000 r--p 00009000 08:03 682720                     /usr/lib/x86_64-linux-gnu/libXcursor.so.1.0.2
7fc73586b000-7fc73586c000 rw-p 0000a000 08:03 682720                     /usr/lib/x86_64-linux-gnu/libXcursor.so.1.0.2
7fc73586c000-7fc73586f000 r--p 00000000 08:03 683309                     /usr/lib/x86_64-linux-gnu/libgcc_s.so.1
7fc73586f000-7fc735886000 r-xp 00003000 08:03 683309                     /usr/lib/x86_64-linux-gnu/libgcc_s.so.1
7fc735886000-7fc73588a000 r--p 0001a000 08:03 683309                     /usr/lib/x86_64-linux-gnu/libgcc_s.so.1
7fc73588a000-7fc73588b000 r--p 0001d000 08:03 683309                     /usr/lib/x86_64-linux-gnu/libgcc_s.so.1
7fc73588b000-7fc73588c000 rw-p 0001e000 08:03 683309                     /usr/lib/x86_64-linux-gnu/libgcc_s.so.1
7fc73588c000-7fc73588e000 r--p 00000000 08:03 683672                     /usr/lib/x86_64-linux-gnu/libmd.so.0.0.5
7fc73588e000-7fc735895000 r-xp 00002000 08:03 683672                     /usr/lib/x86_64-linux-gnu/libmd.so.0.0.5
7fc735895000-7fc735897000 r--p 00009000 08:03 683672                     /usr/lib/x86_64-linux-gnu/libmd.so.0.0.5
7fc735897000-7fc735898000 r--p 0000a000 08:03 683672                     /usr/lib/x86_64-linux-gnu/libmd.so.0.0.5
7fc735898000-7fc735899000 rw-p 0000b000 08:03 683672                     /usr/lib/x86_64-linux-gnu/libmd.so.0.0.5
7fc735899000-7fc73589d000 r--p 00000000 08:03 683006                     /usr/lib/x86_64-linux-gnu/libbsd.so.0.11.5
7fc73589d000-7fc7358aa000 r-xp 00004000 08:03 683006                     /usr/lib/x86_64-linux-gnu/libbsd.so.0.11.5
7fc7358aa000-7fc7358ad000 r--p 00011000 08:03 683006                     /usr/lib/x86_64-linux-gnu/libbsd.so.0.11.5
7fc7358ad000-7fc7358ae000 ---p 00014000 08:03 683006                     /usr/lib/x86_64-linux-gnu/libbsd.so.0.11.5
7fc7358ae000-7fc7358af000 r--p 00014000 08:03 683006                     /usr/lib/x86_64-linux-gnu/libbsd.so.0.11.5
7fc7358af000-7fc7358b0000 rw-p 00015000 08:03 683006                     /usr/lib/x86_64-linux-gnu/libbsd.so.0.11.5
7fc7358b0000-7fc7358b1000 rw-p 00000000 00:00 0 
7fc7358b1000-7fc7358b3000 r--p 00000000 08:03 682724                     /usr/lib/x86_64-linux-gnu/libXdmcp.so.6.0.0
7fc7358b3000-7fc7358b5000 r-xp 00002000 08:03 682724                     /usr/lib/x86_64-linux-gnu/libXdmcp.so.6.0.0
7fc7358b5000-7fc7358b7000 r--p 00004000 08:03 682724                     /usr/lib/x86_64-linux-gnu/libXdmcp.so.6.0.0
7fc7358b7000-7fc7358b8000 r--p 00005000 08:03 682724                     /usr/lib/x86_64-linux-gnu/libXdmcp.so.6.0.0
7fc7358b8000-7fc7358b9000 rw-p 00006000 08:03 682724                     /usr/lib/x86_64-linux-gnu/libXdmcp.so.6.0.0
7fc7358b9000-7fc7358c4000 r--p 00000000 08:03 684332                     /usr/lib/x86_64-linux-gnu/libxcb.so.1.1.0
7fc7358c4000-7fc7358d8000 r-xp 0000b000 08:03 684332                     /usr/lib/x86_64-linux-gnu/libxcb.so.1.1.0
7fc7358d8000-7fc7358e1000 r--p 0001f000 08:03 684332                     /usr/lib/x86_64-linux-gnu/libxcb.so.1.1.0
7fc7358e1000-7fc7358e2000 r--p 00027000 08:03 684332                     /usr/lib/x86_64-linux-gnu/libxcb.so.1.1.0
7fc7358e2000-7fc7358e3000 rw-p 00028000 08:03 684332                     /usr/lib/x86_64-linux-gnu/libxcb.so.1.1.0
7fc7358e3000-7fc7358e6000 r--p 00000000 08:03 682734                     /usr/lib/x86_64-linux-gnu/libXi.so.6.1.0
7fc7358e6000-7fc7358f2000 r-xp 00003000 08:03 682734                     /usr/lib/x86_64-linux-gnu/libXi.so.6.1.0
7fc7358f2000-7fc7358f5000 r--p 0000f000 08:03 682734                     /usr/lib/x86_64-linux-gnu/libXi.so.6.1.0
7fc7358f5000-7fc7358f6000 r--p 00011000 08:03 682734                     /usr/lib/x86_64-linux-gnu/libXi.so.6.1.0
7fc7358f6000-7fc7358f7000 rw-p 00012000 08:03 682734                     /usr/lib/x86_64-linux-gnu/libXi.so.6.1.0
7fc7358f7000-7fc7358f9000 r--p 00000000 08:03 682752                     /usr/lib/x86_64-linux-gnu/libXtst.so.6.1.0
7fc7358f9000-7fc7358fc000 r-xp 00002000 08:03 682752                     /usr/lib/x86_64-linux-gnu/libXtst.so.6.1.0
7fc7358fc000-7fc7358fd000 r--p 00005000 08:03 682752                     /usr/lib/x86_64-linux-gnu/libXtst.so.6.1.0
7fc7358fd000-7fc7358fe000 r--p 00005000 08:03 682752                     /usr/lib/x86_64-linux-gnu/libXtst.so.6.1.0
7fc7358fe000-7fc7358ff000 rw-p 00006000 08:03 682752                     /usr/lib/x86_64-linux-gnu/libXtst.so.6.1.0
7fc7358ff000-7fc735900000 ---p 00000000 00:00 0 
7fc735900000-7fc735a00000 rwxp 00000000 00:00 0 
7fc735a00000-7fc735a0d000 r-xp 00000000 08:03 524926                     /home/user/Desktop/accelerate_runner/jre/lib/amd64/libverify.so
7fc735a0d000-7fc735c0c000 ---p 0000d000 08:03 524926                     /home/user/Desktop/accelerate_runner/jre/lib/amd64/libverify.so
7fc735c0c000-7fc735c0e000 r--p 0000c000 08:03 524926                     /home/user/Desktop/accelerate_runner/jre/lib/amd64/libverify.so
7fc735c0e000-7fc735c0f000 rw-p 0000e000 08:03 524926                     /home/user/Desktop/accelerate_runner/jre/lib/amd64/libverify.so
7fc735c11000-7fc735cff000 r--s 02851000 08:03 544989                     /home/user/Desktop/accelerate_runner/record/bin/record-and-upload.jar
7fc735cff000-7fc735d00000 ---p 00000000 00:00 0 
7fc735d00000-7fc735e00000 rwxp 00000000 00:00 0 
7fc735e00000-7fc736ae2000 r-xp 00000000 08:03 544822                     /home/user/Desktop/accelerate_runner/jre/lib/amd64/server/libjvm.so
7fc736ae2000-7fc736ce2000 ---p 00ce2000 08:03 544822                     /home/user/Desktop/accelerate_runner/jre/lib/amd64/server/libjvm.so
7fc736ce2000-7fc736d78000 r--p 00ce2000 08:03 544822                     /home/user/Desktop/accelerate_runner/jre/lib/amd64/server/libjvm.so
7fc736d78000-7fc736da9000 rw-p 00d78000 08:03 544822                     /home/user/Desktop/accelerate_runner/jre/lib/amd64/server/libjvm.so
7fc736da9000-7fc736de4000 rw-p 00000000 00:00 0 
7fc736deb000-7fc736def000 r--p 00000000 08:03 682726                     /usr/lib/x86_64-linux-gnu/libXext.so.6.4.0
7fc736def000-7fc736dfa000 r-xp 00004000 08:03 682726                     /usr/lib/x86_64-linux-gnu/libXext.so.6.4.0
7fc736dfa000-7fc736dfe000 r--p 0000f000 08:03 682726                     /usr/lib/x86_64-linux-gnu/libXext.so.6.4.0
7fc736dfe000-7fc736dff000 r--p 00012000 08:03 682726                     /usr/lib/x86_64-linux-gnu/libXext.so.6.4.0
7fc736dff000-7fc736e00000 rw-p 00013000 08:03 682726                     /usr/lib/x86_64-linux-gnu/libXext.so.6.4.0
7fc736e00000-7fc736e28000 r--p 00000000 08:03 657518                     /usr/lib/x86_64-linux-gnu/libc.so.6
7fc736e28000-7fc736fbd000 r-xp 00028000 08:03 657518                     /usr/lib/x86_64-linux-gnu/libc.so.6
7fc736fbd000-7fc737015000 r--p 001bd000 08:03 657518                     /usr/lib/x86_64-linux-gnu/libc.so.6
7fc737015000-7fc737016000 ---p 00215000 08:03 657518                     /usr/lib/x86_64-linux-gnu/libc.so.6
7fc737016000-7fc73701a000 r--p 00215000 08:03 657518                     /usr/lib/x86_64-linux-gnu/libc.so.6
7fc73701a000-7fc73701c000 rw-p 00219000 08:03 657518                     /usr/lib/x86_64-linux-gnu/libc.so.6
7fc73701c000-7fc737029000 rw-p 00000000 00:00 0 
7fc73702a000-7fc73702b000 r--p 00000000 08:03 682713                     /usr/lib/x86_64-linux-gnu/libXau.so.6.0.0
7fc73702b000-7fc73702d000 r-xp 00001000 08:03 682713                     /usr/lib/x86_64-linux-gnu/libXau.so.6.0.0
7fc73702d000-7fc73702e000 r--p 00003000 08:03 682713                     /usr/lib/x86_64-linux-gnu/libXau.so.6.0.0
7fc73702e000-7fc73702f000 r--p 00003000 08:03 682713                     /usr/lib/x86_64-linux-gnu/libXau.so.6.0.0
7fc73702f000-7fc737030000 rw-p 00004000 08:03 682713                     /usr/lib/x86_64-linux-gnu/libXau.so.6.0.0
7fc737030000-7fc737032000 r--p 00000000 08:03 682746                     /usr/lib/x86_64-linux-gnu/libXrender.so.1.3.0
7fc737032000-7fc737039000 r-xp 00002000 08:03 682746                     /usr/lib/x86_64-linux-gnu/libXrender.so.1.3.0
7fc737039000-7fc73703b000 r--p 00009000 08:03 682746                     /usr/lib/x86_64-linux-gnu/libXrender.so.1.3.0
7fc73703b000-7fc73703c000 r--p 0000a000 08:03 682746                     /usr/lib/x86_64-linux-gnu/libXrender.so.1.3.0
7fc73703c000-7fc73703d000 rw-p 0000b000 08:03 682746                     /usr/lib/x86_64-linux-gnu/libXrender.so.1.3.0
7fc73703d000-7fc737050000 r--s 00345000 08:03 544962                     /home/user/Desktop/accelerate_runner/jre/lib/resources.jar
7fc737050000-7fc737053000 ---p 00000000 00:00 0 
7fc737053000-7fc737089000 rwxp 00000000 00:00 0 
7fc737089000-7fc7370ff000 rw-p 00000000 00:00 0 
7fc7370ff000-7fc737100000 ---p 00000000 00:00 0 
7fc737100000-7fc737103000 ---p 00000000 00:00 0 
7fc737103000-7fc737200000 rwxp 00000000 00:00 0 
7fc737200000-7fc737217000 r-xp 00000000 08:03 544814                     /home/user/Desktop/accelerate_runner/jre/lib/amd64/jli/libjli.so
7fc737217000-7fc737416000 ---p 00017000 08:03 544814                     /home/user/Desktop/accelerate_runner/jre/lib/amd64/jli/libjli.so
7fc737416000-7fc737417000 r--p 00016000 08:03 544814                     /home/user/Desktop/accelerate_runner/jre/lib/amd64/jli/libjli.so
7fc737417000-7fc737418000 rw-p 00017000 08:03 544814                     /home/user/Desktop/accelerate_runner/jre/lib/amd64/jli/libjli.so
7fc73741a000-7fc73741b000 r--p 00000000 08:03 683790                     /usr/lib/x86_64-linux-gnu/libnss_mdns4_minimal.so.2
7fc73741b000-7fc73741d000 r-xp 00001000 08:03 683790                     /usr/lib/x86_64-linux-gnu/libnss_mdns4_minimal.so.2
7fc73741d000-7fc73741e000 r--p 00003000 08:03 683790                     /usr/lib/x86_64-linux-gnu/libnss_mdns4_minimal.so.2
7fc73741e000-7fc73741f000 r--p 00003000 08:03 683790                     /usr/lib/x86_64-linux-gnu/libnss_mdns4_minimal.so.2
7fc73741f000-7fc737420000 rw-p 00004000 08:03 683790                     /usr/lib/x86_64-linux-gnu/libnss_mdns4_minimal.so.2
7fc73742f000-7fc737432000 r--s 0001a000 08:03 544968                     /home/user/Desktop/accelerate_runner/jre/lib/jce.jar
7fc737432000-7fc737437000 r--s 000a0000 08:03 544958                     /home/user/Desktop/accelerate_runner/jre/lib/jsse.jar
7fc737437000-7fc737508000 rw-p 00000000 00:00 0 
7fc737508000-7fc737509000 r--p 00000000 08:03 657580                     /usr/lib/x86_64-linux-gnu/librt.so.1
7fc737509000-7fc73750a000 r-xp 00001000 08:03 657580                     /usr/lib/x86_64-linux-gnu/librt.so.1
7fc73750a000-7fc73750b000 r--p 00002000 08:03 657580                     /usr/lib/x86_64-linux-gnu/librt.so.1
7fc73750b000-7fc73750c000 r--p 00002000 08:03 657580                     /usr/lib/x86_64-linux-gnu/librt.so.1
7fc73750c000-7fc73750d000 rw-p 00003000 08:03 657580                     /usr/lib/x86_64-linux-gnu/librt.so.1
7fc73750d000-7fc73751b000 r--p 00000000 08:03 657539                     /usr/lib/x86_64-linux-gnu/libm.so.6
7fc73751b000-7fc737597000 r-xp 0000e000 08:03 657539                     /usr/lib/x86_64-linux-gnu/libm.so.6
7fc737597000-7fc7375f2000 r--p 0008a000 08:03 657539                     /usr/lib/x86_64-linux-gnu/libm.so.6
7fc7375f2000-7fc7375f3000 r--p 000e4000 08:03 657539                     /usr/lib/x86_64-linux-gnu/libm.so.6
7fc7375f3000-7fc7375f4000 rw-p 000e5000 08:03 657539                     /usr/lib/x86_64-linux-gnu/libm.so.6
7fc7375f4000-7fc7375f6000 rw-p 00000000 00:00 0 
7fc7375f6000-7fc7375f7000 r--p 00000000 08:03 657533                     /usr/lib/x86_64-linux-gnu/libdl.so.2
7fc7375f7000-7fc7375f8000 r-xp 00001000 08:03 657533                     /usr/lib/x86_64-linux-gnu/libdl.so.2
7fc7375f8000-7fc7375f9000 r--p 00002000 08:03 657533                     /usr/lib/x86_64-linux-gnu/libdl.so.2
7fc7375f9000-7fc7375fa000 r--p 00002000 08:03 657533                     /usr/lib/x86_64-linux-gnu/libdl.so.2
7fc7375fa000-7fc7375fb000 rw-p 00003000 08:03 657533                     /usr/lib/x86_64-linux-gnu/libdl.so.2
7fc7375fb000-7fc7375fc000 r--p 00000000 08:03 657568                     /usr/lib/x86_64-linux-gnu/libpthread.so.0
7fc7375fc000-7fc7375fd000 r-xp 00001000 08:03 657568                     /usr/lib/x86_64-linux-gnu/libpthread.so.0
7fc7375fd000-7fc7375fe000 r--p 00002000 08:03 657568                     /usr/lib/x86_64-linux-gnu/libpthread.so.0
7fc7375fe000-7fc7375ff000 r--p 00002000 08:03 657568                     /usr/lib/x86_64-linux-gnu/libpthread.so.0
7fc7375ff000-7fc737600000 rw-p 00003000 08:03 657568                     /usr/lib/x86_64-linux-gnu/libpthread.so.0
7fc737601000-7fc737606000 r--s 0003f000 08:03 544802                     /home/user/Desktop/accelerate_runner/jre/lib/ext/sunjce_provider.jar
7fc737606000-7fc73760e000 rw-s 00000000 08:03 525167                     /tmp/hsperfdata_user/2720
7fc73760e000-7fc737611000 rw-p 00000000 00:00 0 
7fc737611000-7fc737613000 r--p 00000000 08:03 657505                     /usr/lib/x86_64-linux-gnu/ld-linux-x86-64.so.2
7fc737613000-7fc73763d000 r-xp 00002000 08:03 657505                     /usr/lib/x86_64-linux-gnu/ld-linux-x86-64.so.2
7fc73763d000-7fc737648000 r--p 0002c000 08:03 657505                     /usr/lib/x86_64-linux-gnu/ld-linux-x86-64.so.2
7fc737648000-7fc737649000 r--p 00000000 00:00 0 
7fc737649000-7fc73764b000 r--p 00037000 08:03 657505                     /usr/lib/x86_64-linux-gnu/ld-linux-x86-64.so.2
7fc73764b000-7fc73764d000 rw-p 00039000 08:03 657505                     /usr/lib/x86_64-linux-gnu/ld-linux-x86-64.so.2
7ffcc384b000-7ffcc386b000 rwxp 00000000 00:00 0                          [stack]
7ffcc386b000-7ffcc386c000 rw-p 00000000 00:00 0 
7ffcc39d0000-7ffcc39d4000 r--p 00000000 00:00 0                          [vvar]
7ffcc39d4000-7ffcc39d6000 r-xp 00000000 00:00 0                          [vdso]
ffffffffff600000-ffffffffff601000 --xp 00000000 00:00 0                  [vsyscall]

VM Arguments:
jvm_args: -Dlogback.enableJansi=true 
java_command: /home/user/Desktop/accelerate_runner/record/bin/record-and-upload.jar --config /home/user/Desktop/accelerate_runner/config/credentials.config --store /home/user/Desktop/accelerate_runner/record/localstore --sourcecode /home/user/Desktop/accelerate_runner
java_class_path (initial): /home/user/Desktop/accelerate_runner/record/bin/record-and-upload.jar
Launcher Type: SUN_STANDARD

Environment Variables:
PATH=/opt/pycharm-2024.1.3/bin:/home/user/miniconda3/bin:/home/user/miniconda3/condabin:/usr/local/sbin:/usr/local/bin:/usr/sbin:/usr/bin:/sbin:/bin:/usr/games:/usr/local/games:/snap/bin:/snap/bin
USERNAME=user
SHELL=/bin/bash
DISPLAY=:0

Signal Handlers:
SIGSEGV: [libjvm.so+0xaced60], sa_mask[0]=11111111011111111101111111111110, sa_flags=SA_RESTART|SA_SIGINFO
SIGBUS: [libjvm.so+0xaced60], sa_mask[0]=11111111011111111101111111111110, sa_flags=SA_RESTART|SA_SIGINFO
SIGFPE: [libjvm.so+0x907ca0], sa_mask[0]=11111111011111111101111111111110, sa_flags=SA_RESTART|SA_SIGINFO
SIGPIPE: [libjvm.so+0x907ca0], sa_mask[0]=11111111011111111101111111111110, sa_flags=SA_RESTART|SA_SIGINFO
SIGXFSZ: [libjvm.so+0x907ca0], sa_mask[0]=11111111011111111101111111111110, sa_flags=SA_RESTART|SA_SIGINFO
SIGILL: [libjvm.so+0x907ca0], sa_mask[0]=11111111011111111101111111111110, sa_flags=SA_RESTART|SA_SIGINFO
SIGUSR1: SIG_DFL, sa_mask[0]=00000000000000000000000000000000, sa_flags=none
SIGUSR2: [libjvm.so+0x907b70], sa_mask[0]=00000000000000000000000000000000, sa_flags=SA_RESTART|SA_SIGINFO
SIGHUP: [libjvm.so+0x908190], sa_mask[0]=11111111011111111101111111111110, sa_flags=SA_RESTART|SA_SIGINFO
SIGINT: [libjvm.so+0x908190], sa_mask[0]=11111111011111111101111111111110, sa_flags=SA_RESTART|SA_SIGINFO
SIGTERM: [libjvm.so+0x908190], sa_mask[0]=11111111011111111101111111111110, sa_flags=SA_RESTART|SA_SIGINFO
SIGQUIT: [libjvm.so+0x908190], sa_mask[0]=11111111011111111101111111111110, sa_flags=SA_RESTART|SA_SIGINFO


---------------  S Y S T E M  ---------------

OS:DISTRIB_ID=Ubuntu
DISTRIB_RELEASE=22.04
DISTRIB_CODENAME=jammy
DISTRIB_DESCRIPTION="Ubuntu 22.04.4 LTS"

uname:Linux 6.5.0-35-generic #35~22.04.1-Ubuntu SMP PREEMPT_DYNAMIC Tue May  7 09:00:52 UTC 2 x86_64
libc:glibc 2.35 NPTL 2.35 
rlimit: STACK 8192k, CORE 0k, NPROC 31431, NOFILE 1048576, AS infinity
load average:1,63 0,92 0,36

/proc/meminfo:
MemTotal:        8123112 kB
MemFree:         3266496 kB
MemAvailable:    5209952 kB
Buffers:           56496 kB
Cached:          2120760 kB
SwapCached:            0 kB
Active:          3908024 kB
Inactive:         674816 kB
Active(anon):    2460612 kB
Inactive(anon):        0 kB
Active(file):    1447412 kB
Inactive(file):   674816 kB
Unevictable:          32 kB
Mlocked:              32 kB
SwapTotal:       2097148 kB
SwapFree:        2097148 kB
Zswap:                 0 kB
Zswapped:              0 kB
Dirty:               948 kB
Writeback:             0 kB
AnonPages:       2406408 kB
Mapped:           818640 kB
Shmem:             54460 kB
KReclaimable:      80188 kB
Slab:             181316 kB
SReclaimable:      80188 kB
SUnreclaim:       101128 kB
KernelStack:       10276 kB
PageTables:        24516 kB
SecPageTables:         0 kB
NFS_Unstable:          0 kB
Bounce:                0 kB
WritebackTmp:          0 kB
CommitLimit:     6158704 kB
Committed_AS:    6247040 kB
VmallocTotal:   34359738367 kB
VmallocUsed:       26332 kB
VmallocChunk:          0 kB
Percpu:             2768 kB
HardwareCorrupted:     0 kB
AnonHugePages:     16384 kB
ShmemHugePages:        0 kB
ShmemPmdMapped:        0 kB
FileHugePages:         0 kB
FilePmdMapped:         0 kB
Unaccepted:            0 kB
HugePages_Total:       0
HugePages_Free:        0
HugePages_Rsvd:        0
HugePages_Surp:        0
Hugepagesize:       2048 kB
Hugetlb:               0 kB
DirectMap4k:      102336 kB
DirectMap2M:     8286208 kB


CPU:total 4 (initial active 4) (4 cores per cpu, 1 threads per core) family 6 model 158 stepping 10, cmov, cx8, fxsr, mmx, sse, sse2, sse3, ssse3, sse4.1, sse4.2, popcnt, avx, avx2, aes, clmul, 3dnowpref, lzcnt, tsc, tscinvbit, bmi1, bmi2

/proc/cpuinfo:
processor	: 0
vendor_id	: GenuineIntel
cpu family	: 6
model		: 158
model name	: Intel(R) Core(TM) i7-9750H CPU @ 2.60GHz
stepping	: 10
cpu MHz		: 2592.000
cache size	: 12288 KB
physical id	: 0
siblings	: 4
core id		: 0
cpu cores	: 4
apicid		: 0
initial apicid	: 0
fpu		: yes
fpu_exception	: yes
cpuid level	: 22
wp		: yes
flags		: fpu vme de pse tsc msr pae mce cx8 apic sep mtrr pge mca cmov pat pse36 clflush mmx fxsr sse sse2 ht syscall nx rdtscp lm constant_tsc rep_good nopl xtopology nonstop_tsc cpuid tsc_known_freq pni pclmulqdq ssse3 cx16 pcid sse4_1 sse4_2 x2apic movbe popcnt aes xsave avx rdrand hypervisor lahf_lm abm 3dnowprefetch invpcid_single pti fsgsbase bmi1 avx2 bmi2 invpcid rdseed clflushopt md_clear flush_l1d arch_capabilities
bugs		: cpu_meltdown spectre_v1 spectre_v2 spec_store_bypass l1tf mds swapgs itlb_multihit srbds mmio_stale_data retbleed gds bhi
bogomips	: 5184.00
clflush size	: 64
cache_alignment	: 64
address sizes	: 39 bits physical, 48 bits virtual
power management:

processor	: 1
vendor_id	: GenuineIntel
cpu family	: 6
model		: 158
model name	: Intel(R) Core(TM) i7-9750H CPU @ 2.60GHz
stepping	: 10
cpu MHz		: 2592.000
cache size	: 12288 KB
physical id	: 0
siblings	: 4
core id		: 1
cpu cores	: 4
apicid		: 1
initial apicid	: 1
fpu		: yes
fpu_exception	: yes
cpuid level	: 22
wp		: yes
flags		: fpu vme de pse tsc msr pae mce cx8 apic sep mtrr pge mca cmov pat pse36 clflush mmx fxsr sse sse2 ht syscall nx rdtscp lm constant_tsc rep_good nopl xtopology nonstop_tsc cpuid tsc_known_freq pni pclmulqdq ssse3 cx16 pcid sse4_1 sse4_2 x2apic movbe popcnt aes xsave avx rdrand hypervisor lahf_lm abm 3dnowprefetch invpcid_single pti fsgsbase bmi1 avx2 bmi2 invpcid rdseed clflushopt md_clear flush_l1d arch_capabilities
bugs		: cpu_meltdown spectre_v1 spectre_v2 spec_store_bypass l1tf mds swapgs itlb_multihit srbds mmio_stale_data retbleed gds bhi
bogomips	: 5184.00
clflush size	: 64
cache_alignment	: 64
address sizes	: 39 bits physical, 48 bits virtual
power management:

processor	: 2
vendor_id	: GenuineIntel
cpu family	: 6
model		: 158
model name	: Intel(R) Core(TM) i7-9750H CPU @ 2.60GHz
stepping	: 10
cpu MHz		: 2592.000
cache size	: 12288 KB
physical id	: 0
siblings	: 4
core id		: 2
cpu cores	: 4
apicid		: 2
initial apicid	: 2
fpu		: yes
fpu_exception	: yes
cpuid level	: 22
wp		: yes
flags		: fpu vme de pse tsc msr pae mce cx8 apic sep mtrr pge mca cmov pat pse36 clflush mmx fxsr sse sse2 ht syscall nx rdtscp lm constant_tsc rep_good nopl xtopology nonstop_tsc cpuid tsc_known_freq pni pclmulqdq ssse3 cx16 pcid sse4_1 sse4_2 x2apic movbe popcnt aes xsave avx rdrand hypervisor lahf_lm abm 3dnowprefetch invpcid_single pti fsgsbase bmi1 avx2 bmi2 invpcid rdseed clflushopt md_clear flush_l1d arch_capabilities
bugs		: cpu_meltdown spectre_v1 spectre_v2 spec_store_bypass l1tf mds swapgs itlb_multihit srbds mmio_stale_data retbleed gds bhi
bogomips	: 5184.00
clflush size	: 64
cache_alignment	: 64
address sizes	: 39 bits physical, 48 bits virtual
power management:

processor	: 3
vendor_id	: GenuineIntel
cpu family	: 6
model		: 158
model name	: Intel(R) Core(TM) i7-9750H CPU @ 2.60GHz
stepping	: 10
cpu MHz		: 2592.000
cache size	: 12288 KB
physical id	: 0
siblings	: 4
core id		: 3
cpu cores	: 4
apicid		: 3
initial apicid	: 3
fpu		: yes
fpu_exception	: yes
cpuid level	: 22
wp		: yes
flags		: fpu vme de pse tsc msr pae mce cx8 apic sep mtrr pge mca cmov pat pse36 clflush mmx fxsr sse sse2 ht syscall nx rdtscp lm constant_tsc rep_good nopl xtopology nonstop_tsc cpuid tsc_known_freq pni pclmulqdq ssse3 cx16 pcid sse4_1 sse4_2 x2apic movbe popcnt aes xsave avx rdrand hypervisor lahf_lm abm 3dnowprefetch invpcid_single pti fsgsbase bmi1 avx2 bmi2 invpcid rdseed clflushopt md_clear flush_l1d arch_capabilities
bugs		: cpu_meltdown spectre_v1 spectre_v2 spec_store_bypass l1tf mds swapgs itlb_multihit srbds mmio_stale_data retbleed gds bhi
bogomips	: 5184.00
clflush size	: 64
cache_alignment	: 64
address sizes	: 39 bits physical, 48 bits virtual
power management:



Memory: 4k page, physical 8123112k(3266496k free), swap 2097148k(2097148k free)

vm_info: Java HotSpot(TM) 64-Bit Server VM (25.191-b12) for linux-amd64 JRE (1.8.0_191-b12), built on Oct  6 2018 05:43:09 by "java_re" with gcc 7.3.0

time: Tue Jun 11 16:23:55 2024
elapsed time: 4 seconds (0d 0h 0m 4s)

